0 info it worked if it ends with ok
1 verbose cli [ 'node', '/usr/local/bin/npm', 'install', 'bcrypt' ]
2 info using npm@1.4.28
3 info using node@v0.10.33
4 verbose cache add [ 'bcrypt', null ]
5 verbose cache add name=undefined spec="bcrypt" args=["bcrypt",null]
6 verbose parsed url { protocol: null,
6 verbose parsed url   slashes: null,
6 verbose parsed url   auth: null,
6 verbose parsed url   host: null,
6 verbose parsed url   port: null,
6 verbose parsed url   hostname: null,
6 verbose parsed url   hash: null,
6 verbose parsed url   search: null,
6 verbose parsed url   query: null,
6 verbose parsed url   pathname: 'bcrypt',
6 verbose parsed url   path: 'bcrypt',
6 verbose parsed url   href: 'bcrypt' }
7 silly lockFile 51684124-bcrypt bcrypt
8 verbose lock bcrypt /Users/tanveersure/.npm/51684124-bcrypt.lock
9 silly lockFile 51684124-bcrypt bcrypt
10 silly lockFile 51684124-bcrypt bcrypt
11 verbose addNamed [ 'bcrypt', '' ]
12 verbose addNamed [ null, '*' ]
13 silly lockFile 1351601c-bcrypt bcrypt@
14 verbose lock bcrypt@ /Users/tanveersure/.npm/1351601c-bcrypt.lock
15 silly addNameRange { name: 'bcrypt', range: '*', hasData: false }
16 verbose request where is /bcrypt
17 verbose request registry https://registry.npmjs.org/
18 verbose request id 46d19ae544a179cc
19 verbose url raw /bcrypt
20 verbose url resolving [ 'https://registry.npmjs.org/', './bcrypt' ]
21 verbose url resolved https://registry.npmjs.org/bcrypt
22 verbose request where is https://registry.npmjs.org/bcrypt
23 info trying registry request attempt 1 at 18:42:57
24 verbose etag "A7O68AJRHKABKTXDBGU3FB9FB"
25 http GET https://registry.npmjs.org/bcrypt
26 http 200 https://registry.npmjs.org/bcrypt
27 silly registry.get cb [ 200,
27 silly registry.get   { date: 'Tue, 20 Jan 2015 13:12:57 GMT',
27 silly registry.get     server: 'CouchDB/1.5.0 (Erlang OTP/R16B03)',
27 silly registry.get     etag: '"D2J1E7NCYT0W6NCLFS00XNUO3"',
27 silly registry.get     'content-type': 'application/json',
27 silly registry.get     'cache-control': 'max-age=60',
27 silly registry.get     'content-length': '63132',
27 silly registry.get     'accept-ranges': 'bytes',
27 silly registry.get     via: '1.1 varnish',
27 silly registry.get     age: '7',
27 silly registry.get     'x-served-by': 'cache-sn88-SIN',
27 silly registry.get     'x-cache': 'HIT',
27 silly registry.get     'x-cache-hits': '1',
27 silly registry.get     'x-timer': 'S1421759577.699818,VS0,VE0',
27 silly registry.get     vary: 'Accept',
27 silly registry.get     'keep-alive': 'timeout=10, max=50',
27 silly registry.get     connection: 'Keep-Alive' } ]
28 silly addNameRange number 2 { name: 'bcrypt', range: '*', hasData: true }
29 silly addNameRange versions [ 'bcrypt',
29 silly addNameRange   [ '0.1.2',
29 silly addNameRange     '0.2.0',
29 silly addNameRange     '0.2.1',
29 silly addNameRange     '0.1.3',
29 silly addNameRange     '0.2.2',
29 silly addNameRange     '0.2.3',
29 silly addNameRange     '0.2.4',
29 silly addNameRange     '0.3.0',
29 silly addNameRange     '0.3.1',
29 silly addNameRange     '0.3.2',
29 silly addNameRange     '0.4.0',
29 silly addNameRange     '0.4.1',
29 silly addNameRange     '0.5.0',
29 silly addNameRange     '0.6.0',
29 silly addNameRange     '0.7.0',
29 silly addNameRange     '0.7.1',
29 silly addNameRange     '0.7.2',
29 silly addNameRange     '0.7.3',
29 silly addNameRange     '0.7.4',
29 silly addNameRange     '0.7.5',
29 silly addNameRange     '0.7.6',
29 silly addNameRange     '0.7.7',
29 silly addNameRange     '0.7.8',
29 silly addNameRange     '0.8.0',
29 silly addNameRange     '0.8.1' ] ]
30 verbose addNamed [ 'bcrypt', '0.8.1' ]
31 verbose addNamed [ '0.8.1', '0.8.1' ]
32 silly lockFile 9788bcd1-bcrypt-0-8-1 bcrypt@0.8.1
33 verbose lock bcrypt@0.8.1 /Users/tanveersure/.npm/9788bcd1-bcrypt-0-8-1.lock
34 silly lockFile cb1fd795-pmjs-org-bcrypt-bcrypt-0-8-1-tgz https://registry.npmjs.org/bcrypt/-/bcrypt-0.8.1.tgz
35 verbose lock https://registry.npmjs.org/bcrypt/-/bcrypt-0.8.1.tgz /Users/tanveersure/.npm/cb1fd795-pmjs-org-bcrypt-bcrypt-0-8-1-tgz.lock
36 verbose addRemoteTarball [ 'https://registry.npmjs.org/bcrypt/-/bcrypt-0.8.1.tgz',
36 verbose addRemoteTarball   '384fa4fbc106ec87ccf8ee3d1e7e12d0ef8eeaaf' ]
37 info retry fetch attempt 1 at 18:42:58
38 verbose fetch to= /var/folders/52/s7w0lbws1hx8cn_ns029p_rw0000gn/T/npm-2770-3b5rzJ2W/registry.npmjs.org/bcrypt/-/bcrypt-0.8.1.tgz
39 http GET https://registry.npmjs.org/bcrypt/-/bcrypt-0.8.1.tgz
40 http 200 https://registry.npmjs.org/bcrypt/-/bcrypt-0.8.1.tgz
41 silly lockFile cb1fd795-pmjs-org-bcrypt-bcrypt-0-8-1-tgz https://registry.npmjs.org/bcrypt/-/bcrypt-0.8.1.tgz
42 silly lockFile cb1fd795-pmjs-org-bcrypt-bcrypt-0-8-1-tgz https://registry.npmjs.org/bcrypt/-/bcrypt-0.8.1.tgz
43 silly lockFile 9788bcd1-bcrypt-0-8-1 bcrypt@0.8.1
44 silly lockFile 9788bcd1-bcrypt-0-8-1 bcrypt@0.8.1
45 silly lockFile 1351601c-bcrypt bcrypt@
46 silly lockFile 1351601c-bcrypt bcrypt@
47 error Error: EACCES, mkdir '/Users/tanveersure/.npm/bcrypt/0.8.1'
47 error  { [Error: EACCES, mkdir '/Users/tanveersure/.npm/bcrypt/0.8.1']
47 error   errno: 3,
47 error   code: 'EACCES',
47 error   path: '/Users/tanveersure/.npm/bcrypt/0.8.1' }
48 error Please try running this command again as root/Administrator.
49 error System Darwin 14.0.0
50 error command "node" "/usr/local/bin/npm" "install" "bcrypt"
51 error cwd /Users/tanveersure/Desktop/taxiAppService
52 error node -v v0.10.33
53 error npm -v 1.4.28
54 error path /Users/tanveersure/.npm/bcrypt/0.8.1
55 error code EACCES
56 error errno 3
57 error stack Error: EACCES, mkdir '/Users/tanveersure/.npm/bcrypt/0.8.1'
58 verbose exit [ 3, true ]
